2021-10-15 09:06:43.350  INFO 1468 --- [restartedMain] c.m.m.MyspringbootApplicationTest        : Starting MyspringbootApplicationTest using Java 16.0.2 on DESKTOP-DRM07JT with PID 1468 (E:\Spring\myspringboot\target\classes started by MongTa in E:\Spring\myspringboot)
2021-10-15 09:06:43.358 DEBUG 1468 --- [restartedMain] c.m.m.MyspringbootApplicationTest        : Running with Spring Boot v2.4.11, Spring v5.3.10
2021-10-15 09:06:43.359  INFO 1468 --- [restartedMain] c.m.m.MyspringbootApplicationTest        : The following profiles are active: test
2021-10-15 09:06:43.409  INFO 1468 --- [restartedMain] .e.DevToolsPropertyDefaultsPostProcessor : Devtools property defaults active! Set 'spring.devtools.add-properties' to 'false' to disable
2021-10-15 09:06:43.410  INFO 1468 --- [restartedMain] .e.DevToolsPropertyDefaultsPostProcessor : For additional web related logging consider setting the 'logging.level.web' property to 'DEBUG'
2021-10-15 09:06:44.061  INFO 1468 --- [restartedMain] .s.d.r.c.RepositoryConfigurationDelegate : Bootstrapping Spring Data JPA repositories in DEFAULT mode.
2021-10-15 09:06:44.109  INFO 1468 --- [restartedMain] .s.d.r.c.RepositoryConfigurationDelegate : Finished Spring Data repository scanning in 39 ms. Found 2 JPA repository interfaces.
2021-10-15 09:06:44.640  INFO 1468 --- [restartedMain] o.s.b.w.e.t.TomcatWebServer              : Tomcat initialized with port(s): 8081 (http)
2021-10-15 09:06:44.650  INFO 1468 --- [restartedMain] o.a.c.c.StandardService                  : Starting service [Tomcat]
2021-10-15 09:06:44.651  INFO 1468 --- [restartedMain] o.a.c.c.StandardEngine                   : Starting Servlet engine: [Apache Tomcat/9.0.53]
2021-10-15 09:06:44.741  INFO 1468 --- [restartedMain] o.a.c.c.C.[.[.[/]                        : Initializing Spring embedded WebApplicationContext
2021-10-15 09:06:44.742  INFO 1468 --- [restartedMain] w.s.c.ServletWebServerApplicationContext : Root WebApplicationContext: initialization completed in 1332 ms
2021-10-15 09:06:44.784  INFO 1468 --- [restartedMain] c.z.h.HikariDataSource                   : HikariPool-1 - Starting...
2021-10-15 09:06:44.880  INFO 1468 --- [restartedMain] c.z.h.HikariDataSource                   : HikariPool-1 - Start completed.
2021-10-15 09:06:44.887  INFO 1468 --- [restartedMain] o.s.b.a.h.H2ConsoleAutoConfiguration     : H2 console available at '/h2-console'. Database available at 'jdbc:mariadb://127.0.0.1:3306/boot_db?useUnicode=true&charaterEncoding=utf-8&useSSL=false&serverTimezone=UTC'
2021-10-15 09:06:44.992  INFO 1468 --- [restartedMain] o.h.j.i.u.LogHelper                      : HHH000204: Processing PersistenceUnitInfo [name: default]
2021-10-15 09:06:45.043  INFO 1468 --- [restartedMain] o.h.Version                              : HHH000412: Hibernate ORM core version 5.4.32.Final
2021-10-15 09:06:45.182  INFO 1468 --- [restartedMain] o.h.a.c.Version                          : HCANN000001: Hibernate Commons Annotations {5.1.2.Final}
2021-10-15 09:06:45.319  INFO 1468 --- [restartedMain] o.h.d.Dialect                            : HHH000400: Using dialect: org.hibernate.dialect.MariaDB103Dialect
2021-10-15 09:06:45.962  INFO 1468 --- [restartedMain] o.h.e.t.j.p.i.JtaPlatformInitiator       : HHH000490: Using JtaPlatform implementation: [org.hibernate.engine.transaction.jta.platform.internal.NoJtaPlatform]
2021-10-15 09:06:45.971  INFO 1468 --- [restartedMain] j.LocalContainerEntityManagerFactoryBean : Initialized JPA EntityManagerFactory for persistence unit 'default'
2021-10-15 09:06:46.005  INFO 1468 --- [restartedMain] o.s.b.d.a.OptionalLiveReloadServer       : LiveReload server is running on port 35729
2021-10-15 09:06:46.468  WARN 1468 --- [restartedMain] JpaBaseConfiguration$JpaWebConfiguration : spring.jpa.open-in-view is enabled by default. Therefore, database queries may be performed during view rendering. Explicitly configure spring.jpa.open-in-view to disable this warning
2021-10-15 09:06:46.656  INFO 1468 --- [restartedMain] o.s.b.a.w.s.WelcomePageHandlerMapping    : Adding welcome page: class path resource [static/index.html]
2021-10-15 09:06:46.723  WARN 1468 --- [restartedMain] ion$DefaultTemplateResolverConfiguration : Cannot find template location: classpath:/templates/ (please add some templates or check your Thymeleaf configuration)
2021-10-15 09:06:46.886  INFO 1468 --- [restartedMain] o.s.b.w.e.t.TomcatWebServer              : Tomcat started on port(s): 8081 (http) with context path ''
2021-10-15 09:06:46.897  INFO 1468 --- [restartedMain] c.m.m.MyspringbootApplicationTest        : Started MyspringbootApplicationTest in 3.953 seconds (JVM running for 5.033)
2021-10-15 09:06:46.901 DEBUG 1468 --- [restartedMain] c.m.m.r.MyRunner                         : foo : false
2021-10-15 09:06:46.901 DEBUG 1468 --- [restartedMain] c.m.m.r.MyRunner                         : bar : true
2021-10-15 09:06:46.901 DEBUG 1468 --- [restartedMain] c.m.m.r.MyRunner                         : 나이는49입니다.
2021-10-15 09:06:46.901  INFO 1468 --- [restartedMain] c.m.m.r.MyRunner                         : -------------------------------------------
2021-10-15 09:06:46.902  INFO 1468 --- [restartedMain] c.m.m.r.MyRunner                         : property : mongta 테스트모드
2021-10-15 09:06:46.902  INFO 1468 --- [restartedMain] c.m.m.r.MyRunner                         : property : 37
2021-10-15 09:06:46.902  INFO 1468 --- [restartedMain] c.m.m.r.MyRunner                         : property : mongta 테스트모드 Good!!
2021-10-15 09:06:46.902  INFO 1468 --- [restartedMain] c.m.m.r.MyRunner                         : ------------------------------
2021-10-15 09:06:46.902  INFO 1468 --- [restartedMain] c.m.m.r.MyRunner                         : test Hello! 테스트 실행
2021-10-15 09:06:55.390  INFO 1468 --- [http-nio-8081-exec-1] o.a.c.c.C.[.[.[/]                        : Initializing Spring DispatcherServlet 'dispatcherServlet'
2021-10-15 09:06:55.390  INFO 1468 --- [http-nio-8081-exec-1] o.s.w.s.DispatcherServlet                : Initializing Servlet 'dispatcherServlet'
2021-10-15 09:06:55.392  INFO 1468 --- [http-nio-8081-exec-1] o.s.w.s.DispatcherServlet                : Completed initialization in 2 ms
